{"C:\\Users\\Kriss\\Desktop\\blog-express-ts\\app.ts": {"path":"C:\\Users\\Kriss\\Desktop\\blog-express-ts\\app.ts","statementMap":{"0":{"start":{"line":1,"column":16},"end":{"line":1,"column":34}},"1":{"start":{"line":2,"column":12},"end":{"line":2,"column":21}},"2":{"start":{"line":3,"column":19},"end":{"line":3,"column":41}},"3":{"start":{"line":4,"column":13},"end":{"line":4,"column":28}},"4":{"start":{"line":5,"column":0},"end":{"line":5,"column":23}},"5":{"start":{"line":6,"column":0},"end":{"line":6,"column":64}},"6":{"start":{"line":8,"column":13},"end":{"line":8,"column":17}},"7":{"start":{"line":10,"column":0},"end":{"line":10,"column":27}},"8":{"start":{"line":11,"column":0},"end":{"line":11,"column":51}},"9":{"start":{"line":12,"column":0},"end":{"line":12,"column":16}},"10":{"start":{"line":16,"column":0},"end":{"line":16,"column":46}},"11":{"start":{"line":17,"column":0},"end":{"line":17,"column":46}},"12":{"start":{"line":18,"column":0},"end":{"line":18,"column":49}},"13":{"start":{"line":19,"column":0},"end":{"line":19,"column":52}},"14":{"start":{"line":21,"column":0},"end":{"line":23,"column":null}},"15":{"start":{"line":22,"column":2},"end":{"line":22,"column":61}},"16":{"start":{"line":25,"column":0},"end":{"line":25,"column":19}}},"fnMap":{},"branchMap":{"0":{"loc":{"start":{"line":21,"column":0},"end":{"line":23,"column":null}},"type":"if","locations":[{"start":{"line":21,"column":0},"end":{"line":23,"column":null}}]}},"s":{"0":2,"1":2,"2":2,"3":2,"4":2,"5":2,"6":2,"7":2,"8":2,"9":2,"10":2,"11":2,"12":2,"13":2,"14":2,"15":0,"16":2},"f":{},"b":{"0":[0]}}
,"C:\\Users\\Kriss\\Desktop\\blog-express-ts\\src\\config\\database.ts": {"path":"C:\\Users\\Kriss\\Desktop\\blog-express-ts\\src\\config\\database.ts","statementMap":{"0":{"start":{"line":1,"column":0},"end":{"line":1,"column":38}},"1":{"start":{"line":5,"column":18},"end":{"line":12,"column":2}},"2":{"start":{"line":16,"column":0},"end":{"line":19,"column":72}},"3":{"start":{"line":18,"column":14},"end":{"line":18,"column":48}},"4":{"start":{"line":19,"column":18},"end":{"line":19,"column":70}},"5":{"start":{"line":21,"column":0},"end":{"line":21,"column":25}}},"fnMap":{"0":{"name":"(anonymous_0)","decl":{"start":{"line":18,"column":8},"end":{"line":18,"column":11}},"loc":{"start":{"line":18,"column":14},"end":{"line":18,"column":48}}},"1":{"name":"(anonymous_1)","decl":{"start":{"line":19,"column":9},"end":{"line":19,"column":10}},"loc":{"start":{"line":19,"column":18},"end":{"line":19,"column":70}}}},"branchMap":{},"s":{"0":2,"1":2,"2":2,"3":2,"4":0,"5":2},"f":{"0":2,"1":0},"b":{}}
,"C:\\Users\\Kriss\\Desktop\\blog-express-ts\\src\\controllers\\post.controllers.ts": {"path":"C:\\Users\\Kriss\\Desktop\\blog-express-ts\\src\\controllers\\post.controllers.ts","statementMap":{"0":{"start":{"line":2,"column":0},"end":{"line":2,"column":46}},"1":{"start":{"line":3,"column":15},"end":{"line":3,"column":32}},"2":{"start":{"line":4,"column":13},"end":{"line":4,"column":32}},"3":{"start":{"line":9,"column":4},"end":{"line":15,"column":null}},"4":{"start":{"line":10,"column":20},"end":{"line":10,"column":45}},"5":{"start":{"line":11,"column":6},"end":{"line":11,"column":34}},"6":{"start":{"line":13,"column":6},"end":{"line":13,"column":66}},"7":{"start":{"line":14,"column":6},"end":{"line":14,"column":23}},"8":{"start":{"line":20,"column":45},"end":{"line":20,"column":53}},"9":{"start":{"line":21,"column":15},"end":{"line":21,"column":19}},"10":{"start":{"line":22,"column":4},"end":{"line":33,"column":null}},"11":{"start":{"line":23,"column":19},"end":{"line":28,"column":8}},"12":{"start":{"line":29,"column":6},"end":{"line":29,"column":33}},"13":{"start":{"line":31,"column":6},"end":{"line":31,"column":64}},"14":{"start":{"line":32,"column":6},"end":{"line":32,"column":23}},"15":{"start":{"line":38,"column":19},"end":{"line":38,"column":29}},"16":{"start":{"line":39,"column":45},"end":{"line":39,"column":53}},"17":{"start":{"line":41,"column":4},"end":{"line":56,"column":null}},"18":{"start":{"line":42,"column":24},"end":{"line":44,"column":null}},"19":{"start":{"line":46,"column":6},"end":{"line":51,"column":null}},"20":{"start":{"line":47,"column":28},"end":{"line":47,"column":70}},"21":{"start":{"line":48,"column":8},"end":{"line":48,"column":42}},"22":{"start":{"line":50,"column":8},"end":{"line":50,"column":42}},"23":{"start":{"line":53,"column":6},"end":{"line":55,"column":null}},"24":{"start":{"line":54,"column":8},"end":{"line":54,"column":55}},"25":{"start":{"line":61,"column":19},"end":{"line":61,"column":29}},"26":{"start":{"line":62,"column":4},"end":{"line":74,"column":null}},"27":{"start":{"line":63,"column":22},"end":{"line":63,"column":64}},"28":{"start":{"line":64,"column":6},"end":{"line":68,"column":null}},"29":{"start":{"line":65,"column":8},"end":{"line":65,"column":45}},"30":{"start":{"line":67,"column":8},"end":{"line":67,"column":42}},"31":{"start":{"line":70,"column":6},"end":{"line":73,"column":null}},"32":{"start":{"line":71,"column":8},"end":{"line":71,"column":53}},"33":{"start":{"line":72,"column":8},"end":{"line":72,"column":25}},"34":{"start":{"line":78,"column":0},"end":{"line":78,"column":30}}},"fnMap":{"0":{"name":"(anonymous_8)","decl":{"start":{"line":8,"column":2},"end":{"line":8,"column":8}},"loc":{"start":{"line":8,"column":54},"end":{"line":16,"column":null}}},"1":{"name":"(anonymous_10)","decl":{"start":{"line":19,"column":2},"end":{"line":19,"column":8}},"loc":{"start":{"line":19,"column":53},"end":{"line":34,"column":null}}},"2":{"name":"(anonymous_12)","decl":{"start":{"line":37,"column":2},"end":{"line":37,"column":8}},"loc":{"start":{"line":37,"column":53},"end":{"line":57,"column":null}}},"3":{"name":"(anonymous_14)","decl":{"start":{"line":60,"column":2},"end":{"line":60,"column":8}},"loc":{"start":{"line":60,"column":53},"end":{"line":75,"column":null}}}},"branchMap":{"0":{"loc":{"start":{"line":46,"column":6},"end":{"line":51,"column":null}},"type":"if","locations":[{"start":{"line":46,"column":6},"end":{"line":51,"column":null}},{"start":{"line":49,"column":13},"end":{"line":51,"column":null}}]},"1":{"loc":{"start":{"line":53,"column":6},"end":{"line":55,"column":null}},"type":"if","locations":[{"start":{"line":53,"column":6},"end":{"line":55,"column":null}}]},"2":{"loc":{"start":{"line":64,"column":6},"end":{"line":68,"column":null}},"type":"if","locations":[{"start":{"line":64,"column":6},"end":{"line":68,"column":null}},{"start":{"line":66,"column":13},"end":{"line":68,"column":null}}]},"3":{"loc":{"start":{"line":70,"column":6},"end":{"line":73,"column":null}},"type":"if","locations":[{"start":{"line":70,"column":6},"end":{"line":73,"column":null}}]}},"s":{"0":2,"1":2,"2":2,"3":2,"4":2,"5":2,"6":0,"7":0,"8":0,"9":0,"10":0,"11":0,"12":0,"13":0,"14":0,"15":0,"16":0,"17":0,"18":0,"19":0,"20":0,"21":0,"22":0,"23":0,"24":0,"25":0,"26":0,"27":0,"28":0,"29":0,"30":0,"31":0,"32":0,"33":0,"34":2},"f":{"0":2,"1":0,"2":0,"3":0},"b":{"0":[0,0],"1":[0],"2":[0,0],"3":[0]}}
,"C:\\Users\\Kriss\\Desktop\\blog-express-ts\\src\\models\\post.models.ts": {"path":"C:\\Users\\Kriss\\Desktop\\blog-express-ts\\src\\models\\post.models.ts","statementMap":{"0":{"start":{"line":1,"column":0},"end":{"line":1,"column":45}},"1":{"start":{"line":2,"column":0},"end":{"line":2,"column":43}},"2":{"start":{"line":21,"column":0},"end":{"line":44,"column":2}},"3":{"start":{"line":46,"column":0},"end":{"line":46,"column":25}}},"fnMap":{},"branchMap":{},"s":{"0":2,"1":2,"2":2,"3":2},"f":{},"b":{}}
}
