TN:
SF:app.ts
FNF:0
FNH:0
DA:1,2
DA:2,2
DA:3,2
DA:4,2
DA:5,2
DA:6,2
DA:8,2
DA:10,2
DA:11,2
DA:12,2
DA:16,2
DA:17,2
DA:18,2
DA:19,2
DA:21,2
DA:22,0
DA:25,2
LF:17
LH:16
BRDA:21,0,0,0
BRF:1
BRH:0
end_of_record
TN:
SF:src\config\database.ts
FN:18,(anonymous_0)
FN:19,(anonymous_1)
FNF:2
FNH:1
FNDA:2,(anonymous_0)
FNDA:0,(anonymous_1)
DA:1,2
DA:5,2
DA:16,2
DA:18,2
DA:19,0
DA:21,2
LF:6
LH:5
BRF:0
BRH:0
end_of_record
TN:
SF:src\controllers\post.controllers.ts
FN:8,(anonymous_8)
FN:19,(anonymous_10)
FN:37,(anonymous_12)
FN:60,(anonymous_14)
FNF:4
FNH:1
FNDA:2,(anonymous_8)
FNDA:0,(anonymous_10)
FNDA:0,(anonymous_12)
FNDA:0,(anonymous_14)
DA:2,2
DA:3,2
DA:4,2
DA:9,2
DA:10,2
DA:11,2
DA:13,0
DA:14,0
DA:20,0
DA:21,0
DA:22,0
DA:23,0
DA:29,0
DA:31,0
DA:32,0
DA:38,0
DA:39,0
DA:41,0
DA:42,0
DA:46,0
DA:47,0
DA:48,0
DA:50,0
DA:53,0
DA:54,0
DA:61,0
DA:62,0
DA:63,0
DA:64,0
DA:65,0
DA:67,0
DA:70,0
DA:71,0
DA:72,0
DA:78,2
LF:35
LH:7
BRDA:46,0,0,0
BRDA:46,0,1,0
BRDA:53,1,0,0
BRDA:64,2,0,0
BRDA:64,2,1,0
BRDA:70,3,0,0
BRF:6
BRH:0
end_of_record
TN:
SF:src\models\post.models.ts
FNF:0
FNH:0
DA:1,2
DA:2,2
DA:21,2
DA:46,2
LF:4
LH:4
BRF:0
BRH:0
end_of_record
